[2014-02-20 10:18:45] myapp.ERROR: Symfony\Component\HttpKernel\Exception\NotFoundHttpException: No route found for "GET /" (uncaught exception) at /Users/ferdian/sites/loangarage/creditcard/vendor/symfony/http-kernel/Symfony/Component/HttpKernel/EventListener/RouterListener.php line 144 {"exception":"[object] (Symfony\\Component\\HttpKernel\\Exception\\NotFoundHttpException: No route found for \"GET /\" at /Users/ferdian/sites/loangarage/creditcard/vendor/symfony/http-kernel/Symfony/Component/HttpKernel/EventListener/RouterListener.php:144, Symfony\\Component\\Routing\\Exception\\ResourceNotFoundException:  at /Users/ferdian/sites/loangarage/creditcard/vendor/symfony/routing/Symfony/Component/Routing/Matcher/UrlMatcher.php:96)"} []
[2014-02-20 10:18:45] myapp.INFO: < 404 [] []
[2014-02-20 10:18:45] myapp.ERROR: Symfony\Component\HttpKernel\Exception\NotFoundHttpException: No route found for "GET /favicon.ico" (uncaught exception) at /Users/ferdian/sites/loangarage/creditcard/vendor/symfony/http-kernel/Symfony/Component/HttpKernel/EventListener/RouterListener.php line 144 {"exception":"[object] (Symfony\\Component\\HttpKernel\\Exception\\NotFoundHttpException: No route found for \"GET /favicon.ico\" at /Users/ferdian/sites/loangarage/creditcard/vendor/symfony/http-kernel/Symfony/Component/HttpKernel/EventListener/RouterListener.php:144, Symfony\\Component\\Routing\\Exception\\ResourceNotFoundException:  at /Users/ferdian/sites/loangarage/creditcard/vendor/symfony/routing/Symfony/Component/Routing/Matcher/UrlMatcher.php:96)"} []
[2014-02-20 10:18:45] myapp.INFO: < 404 [] []
[2014-02-20 10:18:53] myapp.ERROR: Symfony\Component\HttpKernel\Exception\NotFoundHttpException: No route found for "GET /" (uncaught exception) at /Users/ferdian/sites/loangarage/creditcard/vendor/symfony/http-kernel/Symfony/Component/HttpKernel/EventListener/RouterListener.php line 144 {"exception":"[object] (Symfony\\Component\\HttpKernel\\Exception\\NotFoundHttpException: No route found for \"GET /\" at /Users/ferdian/sites/loangarage/creditcard/vendor/symfony/http-kernel/Symfony/Component/HttpKernel/EventListener/RouterListener.php:144, Symfony\\Component\\Routing\\Exception\\ResourceNotFoundException:  at /Users/ferdian/sites/loangarage/creditcard/vendor/symfony/routing/Symfony/Component/Routing/Matcher/UrlMatcher.php:96)"} []
[2014-02-20 10:18:53] myapp.INFO: < 404 [] []
[2014-02-20 10:18:53] myapp.ERROR: Symfony\Component\HttpKernel\Exception\NotFoundHttpException: No route found for "GET /" (uncaught exception) at /Users/ferdian/sites/loangarage/creditcard/vendor/symfony/http-kernel/Symfony/Component/HttpKernel/EventListener/RouterListener.php line 144 {"exception":"[object] (Symfony\\Component\\HttpKernel\\Exception\\NotFoundHttpException: No route found for \"GET /\" at /Users/ferdian/sites/loangarage/creditcard/vendor/symfony/http-kernel/Symfony/Component/HttpKernel/EventListener/RouterListener.php:144, Symfony\\Component\\Routing\\Exception\\ResourceNotFoundException:  at /Users/ferdian/sites/loangarage/creditcard/vendor/symfony/routing/Symfony/Component/Routing/Matcher/UrlMatcher.php:96)"} []
[2014-02-20 10:18:53] myapp.INFO: < 404 [] []
[2014-02-20 10:19:01] myapp.ERROR: Symfony\Component\HttpKernel\Exception\NotFoundHttpException: No route found for "GET /" (uncaught exception) at /Users/ferdian/sites/loangarage/creditcard/vendor/symfony/http-kernel/Symfony/Component/HttpKernel/EventListener/RouterListener.php line 144 {"exception":"[object] (Symfony\\Component\\HttpKernel\\Exception\\NotFoundHttpException: No route found for \"GET /\" at /Users/ferdian/sites/loangarage/creditcard/vendor/symfony/http-kernel/Symfony/Component/HttpKernel/EventListener/RouterListener.php:144, Symfony\\Component\\Routing\\Exception\\ResourceNotFoundException:  at /Users/ferdian/sites/loangarage/creditcard/vendor/symfony/routing/Symfony/Component/Routing/Matcher/UrlMatcher.php:96)"} []
[2014-02-20 10:19:01] myapp.INFO: < 404 [] []
[2014-02-20 10:19:01] myapp.ERROR: Symfony\Component\HttpKernel\Exception\NotFoundHttpException: No route found for "GET /" (uncaught exception) at /Users/ferdian/sites/loangarage/creditcard/vendor/symfony/http-kernel/Symfony/Component/HttpKernel/EventListener/RouterListener.php line 144 {"exception":"[object] (Symfony\\Component\\HttpKernel\\Exception\\NotFoundHttpException: No route found for \"GET /\" at /Users/ferdian/sites/loangarage/creditcard/vendor/symfony/http-kernel/Symfony/Component/HttpKernel/EventListener/RouterListener.php:144, Symfony\\Component\\Routing\\Exception\\ResourceNotFoundException:  at /Users/ferdian/sites/loangarage/creditcard/vendor/symfony/routing/Symfony/Component/Routing/Matcher/UrlMatcher.php:96)"} []
[2014-02-20 10:19:01] myapp.INFO: < 404 [] []
[2014-02-20 10:19:09] myapp.INFO: Matched route "GET_" (parameters: "_controller": "{}", "_route": "GET_") [] []
[2014-02-20 10:19:09] myapp.INFO: > GET / [] []
[2014-02-20 10:19:10] myapp.INFO: Matched route "GET_" (parameters: "_controller": "{}", "_route": "GET_") [] []
[2014-02-20 10:19:10] myapp.INFO: > GET / [] []
[2014-02-20 10:19:55] myapp.INFO: Matched route "GET_" (parameters: "_controller": "{}", "_route": "GET_") [] []
[2014-02-20 10:19:55] myapp.INFO: > GET / [] []
[2014-02-20 10:20:48] myapp.INFO: Matched route "GET_" (parameters: "_controller": "{}", "_route": "GET_") [] []
[2014-02-20 10:20:48] myapp.INFO: > GET / [] []
[2014-02-20 10:20:49] myapp.INFO: Matched route "GET_" (parameters: "_controller": "{}", "_route": "GET_") [] []
[2014-02-20 10:20:49] myapp.INFO: > GET / [] []
[2014-02-20 10:22:11] myapp.INFO: Matched route "GET_" (parameters: "_controller": "{}", "_route": "GET_") [] []
[2014-02-20 10:22:11] myapp.INFO: > GET / [] []
[2014-02-20 10:22:46] myapp.INFO: Matched route "GET_" (parameters: "_controller": "{}", "_route": "GET_") [] []
[2014-02-20 10:22:46] myapp.INFO: > GET / [] []
[2014-02-20 10:22:47] myapp.INFO: Matched route "GET_" (parameters: "_controller": "{}", "_route": "GET_") [] []
[2014-02-20 10:22:47] myapp.INFO: > GET / [] []
[2014-02-20 10:24:46] myapp.INFO: Matched route "GET_" (parameters: "_controller": "{}", "_route": "GET_") [] []
[2014-02-20 10:24:46] myapp.INFO: > GET / [] []
[2014-02-20 10:24:47] myapp.INFO: Matched route "GET_" (parameters: "_controller": "{}", "_route": "GET_") [] []
[2014-02-20 10:24:47] myapp.INFO: > GET / [] []
[2014-02-20 10:25:57] myapp.INFO: Matched route "GET_" (parameters: "_controller": "{}", "_route": "GET_") [] []
[2014-02-20 10:25:57] myapp.INFO: > GET / [] []
[2014-02-20 10:27:56] myapp.INFO: Matched route "GET_" (parameters: "_controller": "{}", "_route": "GET_") [] []
[2014-02-20 10:27:56] myapp.INFO: > GET / [] []
[2014-02-20 10:27:56] myapp.CRITICAL: LogicException: The controller must return a response (null given). Did you forget to add a return statement somewhere in your controller? (uncaught exception) at /Users/ferdian/sites/loangarage/creditcard/vendor/symfony/http-kernel/Symfony/Component/HttpKernel/HttpKernel.php line 144 {"exception":"[object] (LogicException: The controller must return a response (null given). Did you forget to add a return statement somewhere in your controller? at /Users/ferdian/sites/loangarage/creditcard/vendor/symfony/http-kernel/Symfony/Component/HttpKernel/HttpKernel.php:144)"} []
[2014-02-20 10:27:56] myapp.INFO: < 500 [] []
[2014-02-20 10:27:58] myapp.INFO: Matched route "GET_" (parameters: "_controller": "{}", "_route": "GET_") [] []
[2014-02-20 10:27:58] myapp.INFO: > GET / [] []
[2014-02-20 10:27:58] myapp.CRITICAL: LogicException: The controller must return a response (null given). Did you forget to add a return statement somewhere in your controller? (uncaught exception) at /Users/ferdian/sites/loangarage/creditcard/vendor/symfony/http-kernel/Symfony/Component/HttpKernel/HttpKernel.php line 144 {"exception":"[object] (LogicException: The controller must return a response (null given). Did you forget to add a return statement somewhere in your controller? at /Users/ferdian/sites/loangarage/creditcard/vendor/symfony/http-kernel/Symfony/Component/HttpKernel/HttpKernel.php:144)"} []
[2014-02-20 10:27:58] myapp.INFO: < 500 [] []
[2014-02-20 10:27:58] myapp.INFO: Matched route "GET_" (parameters: "_controller": "{}", "_route": "GET_") [] []
[2014-02-20 10:27:58] myapp.INFO: > GET / [] []
[2014-02-20 10:27:58] myapp.CRITICAL: LogicException: The controller must return a response (null given). Did you forget to add a return statement somewhere in your controller? (uncaught exception) at /Users/ferdian/sites/loangarage/creditcard/vendor/symfony/http-kernel/Symfony/Component/HttpKernel/HttpKernel.php line 144 {"exception":"[object] (LogicException: The controller must return a response (null given). Did you forget to add a return statement somewhere in your controller? at /Users/ferdian/sites/loangarage/creditcard/vendor/symfony/http-kernel/Symfony/Component/HttpKernel/HttpKernel.php:144)"} []
[2014-02-20 10:27:58] myapp.INFO: < 500 [] []
[2014-02-20 10:28:16] myapp.INFO: Matched route "GET_" (parameters: "_controller": "{}", "_route": "GET_") [] []
[2014-02-20 10:28:16] myapp.INFO: > GET / [] []
[2014-02-20 10:28:16] myapp.CRITICAL: LogicException: The controller must return a response (null given). Did you forget to add a return statement somewhere in your controller? (uncaught exception) at /Users/ferdian/sites/loangarage/creditcard/vendor/symfony/http-kernel/Symfony/Component/HttpKernel/HttpKernel.php line 144 {"exception":"[object] (LogicException: The controller must return a response (null given). Did you forget to add a return statement somewhere in your controller? at /Users/ferdian/sites/loangarage/creditcard/vendor/symfony/http-kernel/Symfony/Component/HttpKernel/HttpKernel.php:144)"} []
[2014-02-20 10:28:16] myapp.INFO: < 500 [] []
[2014-02-20 10:28:28] myapp.INFO: Matched route "GET_" (parameters: "_controller": "{}", "_route": "GET_") [] []
[2014-02-20 10:28:28] myapp.INFO: > GET / [] []
[2014-02-20 10:28:28] myapp.CRITICAL: LogicException: The controller must return a response (null given). Did you forget to add a return statement somewhere in your controller? (uncaught exception) at /Users/ferdian/sites/loangarage/creditcard/vendor/symfony/http-kernel/Symfony/Component/HttpKernel/HttpKernel.php line 144 {"exception":"[object] (LogicException: The controller must return a response (null given). Did you forget to add a return statement somewhere in your controller? at /Users/ferdian/sites/loangarage/creditcard/vendor/symfony/http-kernel/Symfony/Component/HttpKernel/HttpKernel.php:144)"} []
[2014-02-20 10:28:28] myapp.INFO: < 500 [] []
[2014-02-20 10:28:50] myapp.INFO: Matched route "GET_" (parameters: "_controller": "{}", "_route": "GET_") [] []
[2014-02-20 10:28:50] myapp.INFO: > GET / [] []
[2014-02-20 10:28:50] myapp.INFO: < 200 [] []
[2014-02-20 10:30:46] myapp.INFO: Matched route "GET_" (parameters: "_controller": "{}", "_route": "GET_") [] []
[2014-02-20 10:30:46] myapp.INFO: > GET / [] []
[2014-02-20 10:31:05] myapp.INFO: Matched route "GET_" (parameters: "_controller": "{}", "_route": "GET_") [] []
[2014-02-20 10:31:05] myapp.INFO: > GET / [] []
[2014-02-20 10:31:17] myapp.INFO: Matched route "GET_" (parameters: "_controller": "{}", "_route": "GET_") [] []
[2014-02-20 10:31:17] myapp.INFO: > GET / [] []
[2014-02-20 10:31:45] myapp.INFO: Matched route "GET_" (parameters: "_controller": "{}", "_route": "GET_") [] []
[2014-02-20 10:31:45] myapp.INFO: > GET / [] []
[2014-02-20 10:31:45] myapp.INFO: < 200 [] []
[2014-02-20 10:32:28] myapp.INFO: Matched route "GET_" (parameters: "_controller": "{}", "_route": "GET_") [] []
[2014-02-20 10:32:28] myapp.INFO: > GET / [] []
[2014-02-20 10:32:28] myapp.INFO: < 200 [] []
[2014-02-20 10:32:54] myapp.INFO: Matched route "GET_" (parameters: "_controller": "{}", "_route": "GET_") [] []
[2014-02-20 10:32:54] myapp.INFO: > GET / [] []
[2014-02-20 10:32:54] myapp.INFO: < 200 [] []
[2014-02-20 10:33:09] myapp.INFO: Matched route "GET_" (parameters: "_controller": "{}", "_route": "GET_") [] []
[2014-02-20 10:33:09] myapp.INFO: > GET / [] []
[2014-02-20 10:33:09] myapp.INFO: < 200 [] []
[2014-02-20 10:33:09] myapp.ERROR: Symfony\Component\HttpKernel\Exception\NotFoundHttpException: No route found for "GET /favicon.ico" (uncaught exception) at /Users/ferdian/sites/loangarage/creditcard/vendor/symfony/http-kernel/Symfony/Component/HttpKernel/EventListener/RouterListener.php line 144 {"exception":"[object] (Symfony\\Component\\HttpKernel\\Exception\\NotFoundHttpException: No route found for \"GET /favicon.ico\" at /Users/ferdian/sites/loangarage/creditcard/vendor/symfony/http-kernel/Symfony/Component/HttpKernel/EventListener/RouterListener.php:144, Symfony\\Component\\Routing\\Exception\\ResourceNotFoundException:  at /Users/ferdian/sites/loangarage/creditcard/vendor/symfony/routing/Symfony/Component/Routing/Matcher/UrlMatcher.php:96)"} []
[2014-02-20 10:33:09] myapp.INFO: < 404 [] []
[2014-02-20 10:33:10] myapp.INFO: Matched route "GET_" (parameters: "_controller": "{}", "_route": "GET_") [] []
[2014-02-20 10:33:10] myapp.INFO: > GET / [] []
[2014-02-20 10:33:10] myapp.INFO: < 200 [] []
[2014-02-20 10:33:10] myapp.ERROR: Symfony\Component\HttpKernel\Exception\NotFoundHttpException: No route found for "GET /favicon.ico" (uncaught exception) at /Users/ferdian/sites/loangarage/creditcard/vendor/symfony/http-kernel/Symfony/Component/HttpKernel/EventListener/RouterListener.php line 144 {"exception":"[object] (Symfony\\Component\\HttpKernel\\Exception\\NotFoundHttpException: No route found for \"GET /favicon.ico\" at /Users/ferdian/sites/loangarage/creditcard/vendor/symfony/http-kernel/Symfony/Component/HttpKernel/EventListener/RouterListener.php:144, Symfony\\Component\\Routing\\Exception\\ResourceNotFoundException:  at /Users/ferdian/sites/loangarage/creditcard/vendor/symfony/routing/Symfony/Component/Routing/Matcher/UrlMatcher.php:96)"} []
[2014-02-20 10:33:10] myapp.INFO: < 404 [] []
[2014-02-20 10:33:10] myapp.INFO: Matched route "GET_" (parameters: "_controller": "{}", "_route": "GET_") [] []
[2014-02-20 10:33:10] myapp.INFO: > GET / [] []
[2014-02-20 10:33:10] myapp.INFO: < 200 [] []
[2014-02-20 10:33:10] myapp.ERROR: Symfony\Component\HttpKernel\Exception\NotFoundHttpException: No route found for "GET /favicon.ico" (uncaught exception) at /Users/ferdian/sites/loangarage/creditcard/vendor/symfony/http-kernel/Symfony/Component/HttpKernel/EventListener/RouterListener.php line 144 {"exception":"[object] (Symfony\\Component\\HttpKernel\\Exception\\NotFoundHttpException: No route found for \"GET /favicon.ico\" at /Users/ferdian/sites/loangarage/creditcard/vendor/symfony/http-kernel/Symfony/Component/HttpKernel/EventListener/RouterListener.php:144, Symfony\\Component\\Routing\\Exception\\ResourceNotFoundException:  at /Users/ferdian/sites/loangarage/creditcard/vendor/symfony/routing/Symfony/Component/Routing/Matcher/UrlMatcher.php:96)"} []
[2014-02-20 10:33:10] myapp.INFO: < 404 [] []
[2014-02-20 10:33:11] myapp.INFO: Matched route "GET_" (parameters: "_controller": "{}", "_route": "GET_") [] []
[2014-02-20 10:33:11] myapp.INFO: > GET / [] []
[2014-02-20 10:33:11] myapp.INFO: < 200 [] []
[2014-02-20 10:33:11] myapp.ERROR: Symfony\Component\HttpKernel\Exception\NotFoundHttpException: No route found for "GET /favicon.ico" (uncaught exception) at /Users/ferdian/sites/loangarage/creditcard/vendor/symfony/http-kernel/Symfony/Component/HttpKernel/EventListener/RouterListener.php line 144 {"exception":"[object] (Symfony\\Component\\HttpKernel\\Exception\\NotFoundHttpException: No route found for \"GET /favicon.ico\" at /Users/ferdian/sites/loangarage/creditcard/vendor/symfony/http-kernel/Symfony/Component/HttpKernel/EventListener/RouterListener.php:144, Symfony\\Component\\Routing\\Exception\\ResourceNotFoundException:  at /Users/ferdian/sites/loangarage/creditcard/vendor/symfony/routing/Symfony/Component/Routing/Matcher/UrlMatcher.php:96)"} []
[2014-02-20 10:33:11] myapp.INFO: < 404 [] []
[2014-02-20 10:33:27] myapp.INFO: Matched route "GET_" (parameters: "_controller": "{}", "_route": "GET_") [] []
[2014-02-20 10:33:27] myapp.INFO: > GET / [] []
[2014-02-20 10:33:27] myapp.INFO: < 200 [] []
[2014-02-20 10:33:59] myapp.INFO: Matched route "GET_" (parameters: "_controller": "{}", "_route": "GET_") [] []
[2014-02-20 10:33:59] myapp.INFO: > GET / [] []
[2014-02-20 10:34:02] myapp.INFO: Matched route "GET_" (parameters: "_controller": "{}", "_route": "GET_") [] []
[2014-02-20 10:34:02] myapp.INFO: > GET / [] []
[2014-02-20 10:34:02] myapp.INFO: < 200 [] []
[2014-02-20 10:34:36] myapp.INFO: Matched route "GET_" (parameters: "_controller": "{}", "_route": "GET_") [] []
[2014-02-20 10:34:36] myapp.INFO: > GET / [] []
[2014-02-20 10:34:37] myapp.INFO: < 200 [] []
[2014-02-20 10:39:02] myapp.INFO: Matched route "GET_" (parameters: "_controller": "{}", "_route": "GET_") [] []
[2014-02-20 10:39:02] myapp.INFO: > GET / [] []
[2014-02-20 10:39:02] myapp.INFO: < 200 [] []
[2014-02-20 11:11:09] myapp.INFO: Matched route "GET_" (parameters: "_controller": "{}", "_route": "GET_") [] []
[2014-02-20 11:11:09] myapp.INFO: > GET / [] []
[2014-02-20 11:11:10] myapp.INFO: < 200 [] []
[2014-02-20 11:11:10] myapp.ERROR: Symfony\Component\HttpKernel\Exception\NotFoundHttpException: No route found for "GET /favicon.ico" (uncaught exception) at /Users/hengkiardo/Sites/loangarage/boilerplate/vendor/symfony/http-kernel/Symfony/Component/HttpKernel/EventListener/RouterListener.php line 144 {"exception":"[object] (Symfony\\Component\\HttpKernel\\Exception\\NotFoundHttpException: No route found for \"GET /favicon.ico\" at /Users/hengkiardo/Sites/loangarage/boilerplate/vendor/symfony/http-kernel/Symfony/Component/HttpKernel/EventListener/RouterListener.php:144, Symfony\\Component\\Routing\\Exception\\ResourceNotFoundException:  at /Users/hengkiardo/Sites/loangarage/boilerplate/vendor/symfony/routing/Symfony/Component/Routing/Matcher/UrlMatcher.php:96)"} []
[2014-02-20 11:11:10] myapp.INFO: < 404 [] []
[2014-02-20 11:15:31] myapp.INFO: Matched route "GET_" (parameters: "_controller": "{}", "_route": "GET_") [] []
[2014-02-20 11:15:31] myapp.INFO: > GET / [] []
[2014-02-20 11:15:31] myapp.CRITICAL: Twig_Error_Loader: Template "_header.twig" is not defined () in "hello.twig" at line 1. (uncaught exception) at /Users/hengkiardo/Sites/loangarage/boilerplate/vendor/twig/twig/lib/Twig/Loader/Chain.php line 115 {"exception":"[object] (Twig_Error_Loader: Template \"_header.twig\" is not defined () in \"hello.twig\" at line 1. at /Users/hengkiardo/Sites/loangarage/boilerplate/vendor/twig/twig/lib/Twig/Loader/Chain.php:115)"} []
[2014-02-20 11:15:31] myapp.INFO: < 500 [] []
[2014-02-20 11:15:55] myapp.INFO: Matched route "GET_" (parameters: "_controller": "{}", "_route": "GET_") [] []
[2014-02-20 11:15:55] myapp.INFO: > GET / [] []
[2014-02-20 11:15:56] myapp.INFO: < 200 [] []
[2014-02-20 11:15:56] myapp.ERROR: Symfony\Component\HttpKernel\Exception\NotFoundHttpException: No route found for "GET /css/bootstrap-responsive.css" (from "http://boilerplate.loangarage.local:8080/") (uncaught exception) at /Users/hengkiardo/Sites/loangarage/boilerplate/vendor/symfony/http-kernel/Symfony/Component/HttpKernel/EventListener/RouterListener.php line 144 {"exception":"[object] (Symfony\\Component\\HttpKernel\\Exception\\NotFoundHttpException: No route found for \"GET /css/bootstrap-responsive.css\" (from \"http://boilerplate.loangarage.local:8080/\") at /Users/hengkiardo/Sites/loangarage/boilerplate/vendor/symfony/http-kernel/Symfony/Component/HttpKernel/EventListener/RouterListener.php:144, Symfony\\Component\\Routing\\Exception\\ResourceNotFoundException:  at /Users/hengkiardo/Sites/loangarage/boilerplate/vendor/symfony/routing/Symfony/Component/Routing/Matcher/UrlMatcher.php:96)"} []
[2014-02-20 11:15:56] myapp.ERROR: Symfony\Component\HttpKernel\Exception\NotFoundHttpException: No route found for "GET /css/silex.css" (from "http://boilerplate.loangarage.local:8080/") (uncaught exception) at /Users/hengkiardo/Sites/loangarage/boilerplate/vendor/symfony/http-kernel/Symfony/Component/HttpKernel/EventListener/RouterListener.php line 144 {"exception":"[object] (Symfony\\Component\\HttpKernel\\Exception\\NotFoundHttpException: No route found for \"GET /css/silex.css\" (from \"http://boilerplate.loangarage.local:8080/\") at /Users/hengkiardo/Sites/loangarage/boilerplate/vendor/symfony/http-kernel/Symfony/Component/HttpKernel/EventListener/RouterListener.php:144, Symfony\\Component\\Routing\\Exception\\ResourceNotFoundException:  at /Users/hengkiardo/Sites/loangarage/boilerplate/vendor/symfony/routing/Symfony/Component/Routing/Matcher/UrlMatcher.php:96)"} []
[2014-02-20 11:15:56] myapp.INFO: < 404 [] []
[2014-02-20 11:15:56] myapp.INFO: < 404 [] []
[2014-02-20 11:15:56] myapp.ERROR: Symfony\Component\HttpKernel\Exception\NotFoundHttpException: No route found for "GET /css/bootstrap.css" (from "http://boilerplate.loangarage.local:8080/") (uncaught exception) at /Users/hengkiardo/Sites/loangarage/boilerplate/vendor/symfony/http-kernel/Symfony/Component/HttpKernel/EventListener/RouterListener.php line 144 {"exception":"[object] (Symfony\\Component\\HttpKernel\\Exception\\NotFoundHttpException: No route found for \"GET /css/bootstrap.css\" (from \"http://boilerplate.loangarage.local:8080/\") at /Users/hengkiardo/Sites/loangarage/boilerplate/vendor/symfony/http-kernel/Symfony/Component/HttpKernel/EventListener/RouterListener.php:144, Symfony\\Component\\Routing\\Exception\\ResourceNotFoundException:  at /Users/hengkiardo/Sites/loangarage/boilerplate/vendor/symfony/routing/Symfony/Component/Routing/Matcher/UrlMatcher.php:96)"} []
[2014-02-20 11:15:56] myapp.INFO: < 404 [] []
[2014-02-20 11:15:56] myapp.ERROR: Symfony\Component\HttpKernel\Exception\NotFoundHttpException: No route found for "GET /js/jquery-1.7.2.min.js" (from "http://boilerplate.loangarage.local:8080/") (uncaught exception) at /Users/hengkiardo/Sites/loangarage/boilerplate/vendor/symfony/http-kernel/Symfony/Component/HttpKernel/EventListener/RouterListener.php line 144 {"exception":"[object] (Symfony\\Component\\HttpKernel\\Exception\\NotFoundHttpException: No route found for \"GET /js/jquery-1.7.2.min.js\" (from \"http://boilerplate.loangarage.local:8080/\") at /Users/hengkiardo/Sites/loangarage/boilerplate/vendor/symfony/http-kernel/Symfony/Component/HttpKernel/EventListener/RouterListener.php:144, Symfony\\Component\\Routing\\Exception\\ResourceNotFoundException:  at /Users/hengkiardo/Sites/loangarage/boilerplate/vendor/symfony/routing/Symfony/Component/Routing/Matcher/UrlMatcher.php:96)"} []
[2014-02-20 11:15:56] myapp.INFO: < 404 [] []
[2014-02-20 11:15:56] myapp.ERROR: Symfony\Component\HttpKernel\Exception\NotFoundHttpException: No route found for "GET /js/silex.js" (from "http://boilerplate.loangarage.local:8080/") (uncaught exception) at /Users/hengkiardo/Sites/loangarage/boilerplate/vendor/symfony/http-kernel/Symfony/Component/HttpKernel/EventListener/RouterListener.php line 144 {"exception":"[object] (Symfony\\Component\\HttpKernel\\Exception\\NotFoundHttpException: No route found for \"GET /js/silex.js\" (from \"http://boilerplate.loangarage.local:8080/\") at /Users/hengkiardo/Sites/loangarage/boilerplate/vendor/symfony/http-kernel/Symfony/Component/HttpKernel/EventListener/RouterListener.php:144, Symfony\\Component\\Routing\\Exception\\ResourceNotFoundException:  at /Users/hengkiardo/Sites/loangarage/boilerplate/vendor/symfony/routing/Symfony/Component/Routing/Matcher/UrlMatcher.php:96)"} []
[2014-02-20 11:15:56] myapp.ERROR: Symfony\Component\HttpKernel\Exception\NotFoundHttpException: No route found for "GET /js/bootstrap.js" (from "http://boilerplate.loangarage.local:8080/") (uncaught exception) at /Users/hengkiardo/Sites/loangarage/boilerplate/vendor/symfony/http-kernel/Symfony/Component/HttpKernel/EventListener/RouterListener.php line 144 {"exception":"[object] (Symfony\\Component\\HttpKernel\\Exception\\NotFoundHttpException: No route found for \"GET /js/bootstrap.js\" (from \"http://boilerplate.loangarage.local:8080/\") at /Users/hengkiardo/Sites/loangarage/boilerplate/vendor/symfony/http-kernel/Symfony/Component/HttpKernel/EventListener/RouterListener.php:144, Symfony\\Component\\Routing\\Exception\\ResourceNotFoundException:  at /Users/hengkiardo/Sites/loangarage/boilerplate/vendor/symfony/routing/Symfony/Component/Routing/Matcher/UrlMatcher.php:96)"} []
[2014-02-20 11:15:56] myapp.INFO: < 404 [] []
[2014-02-20 11:15:56] myapp.INFO: < 404 [] []
[2014-02-20 11:16:11] myapp.INFO: Matched route "GET_" (parameters: "_controller": "{}", "_route": "GET_") [] []
[2014-02-20 11:16:11] myapp.INFO: > GET / [] []
[2014-02-20 11:16:11] myapp.INFO: < 200 [] []
[2014-02-20 11:16:11] myapp.ERROR: Symfony\Component\HttpKernel\Exception\NotFoundHttpException: No route found for "GET /css/silex.css" (from "http://boilerplate.loangarage.local:8080/") (uncaught exception) at /Users/hengkiardo/Sites/loangarage/boilerplate/vendor/symfony/http-kernel/Symfony/Component/HttpKernel/EventListener/RouterListener.php line 144 {"exception":"[object] (Symfony\\Component\\HttpKernel\\Exception\\NotFoundHttpException: No route found for \"GET /css/silex.css\" (from \"http://boilerplate.loangarage.local:8080/\") at /Users/hengkiardo/Sites/loangarage/boilerplate/vendor/symfony/http-kernel/Symfony/Component/HttpKernel/EventListener/RouterListener.php:144, Symfony\\Component\\Routing\\Exception\\ResourceNotFoundException:  at /Users/hengkiardo/Sites/loangarage/boilerplate/vendor/symfony/routing/Symfony/Component/Routing/Matcher/UrlMatcher.php:96)"} []
[2014-02-20 11:16:12] myapp.ERROR: Symfony\Component\HttpKernel\Exception\NotFoundHttpException: No route found for "GET /js/jquery-1.7.2.min.js" (from "http://boilerplate.loangarage.local:8080/") (uncaught exception) at /Users/hengkiardo/Sites/loangarage/boilerplate/vendor/symfony/http-kernel/Symfony/Component/HttpKernel/EventListener/RouterListener.php line 144 {"exception":"[object] (Symfony\\Component\\HttpKernel\\Exception\\NotFoundHttpException: No route found for \"GET /js/jquery-1.7.2.min.js\" (from \"http://boilerplate.loangarage.local:8080/\") at /Users/hengkiardo/Sites/loangarage/boilerplate/vendor/symfony/http-kernel/Symfony/Component/HttpKernel/EventListener/RouterListener.php:144, Symfony\\Component\\Routing\\Exception\\ResourceNotFoundException:  at /Users/hengkiardo/Sites/loangarage/boilerplate/vendor/symfony/routing/Symfony/Component/Routing/Matcher/UrlMatcher.php:96)"} []
[2014-02-20 11:16:12] myapp.INFO: < 404 [] []
[2014-02-20 11:16:12] myapp.ERROR: Symfony\Component\HttpKernel\Exception\NotFoundHttpException: No route found for "GET /css/bootstrap-responsive.css" (from "http://boilerplate.loangarage.local:8080/") (uncaught exception) at /Users/hengkiardo/Sites/loangarage/boilerplate/vendor/symfony/http-kernel/Symfony/Component/HttpKernel/EventListener/RouterListener.php line 144 {"exception":"[object] (Symfony\\Component\\HttpKernel\\Exception\\NotFoundHttpException: No route found for \"GET /css/bootstrap-responsive.css\" (from \"http://boilerplate.loangarage.local:8080/\") at /Users/hengkiardo/Sites/loangarage/boilerplate/vendor/symfony/http-kernel/Symfony/Component/HttpKernel/EventListener/RouterListener.php:144, Symfony\\Component\\Routing\\Exception\\ResourceNotFoundException:  at /Users/hengkiardo/Sites/loangarage/boilerplate/vendor/symfony/routing/Symfony/Component/Routing/Matcher/UrlMatcher.php:96)"} []
[2014-02-20 11:16:12] myapp.INFO: < 404 [] []
[2014-02-20 11:16:12] myapp.INFO: < 404 [] []
[2014-02-20 11:16:12] myapp.ERROR: Symfony\Component\HttpKernel\Exception\NotFoundHttpException: No route found for "GET /js/silex.js" (from "http://boilerplate.loangarage.local:8080/") (uncaught exception) at /Users/hengkiardo/Sites/loangarage/boilerplate/vendor/symfony/http-kernel/Symfony/Component/HttpKernel/EventListener/RouterListener.php line 144 {"exception":"[object] (Symfony\\Component\\HttpKernel\\Exception\\NotFoundHttpException: No route found for \"GET /js/silex.js\" (from \"http://boilerplate.loangarage.local:8080/\") at /Users/hengkiardo/Sites/loangarage/boilerplate/vendor/symfony/http-kernel/Symfony/Component/HttpKernel/EventListener/RouterListener.php:144, Symfony\\Component\\Routing\\Exception\\ResourceNotFoundException:  at /Users/hengkiardo/Sites/loangarage/boilerplate/vendor/symfony/routing/Symfony/Component/Routing/Matcher/UrlMatcher.php:96)"} []
[2014-02-20 11:16:12] myapp.INFO: < 404 [] []
[2014-02-20 11:16:12] myapp.ERROR: Symfony\Component\HttpKernel\Exception\NotFoundHttpException: No route found for "GET /js/bootstrap.js" (from "http://boilerplate.loangarage.local:8080/") (uncaught exception) at /Users/hengkiardo/Sites/loangarage/boilerplate/vendor/symfony/http-kernel/Symfony/Component/HttpKernel/EventListener/RouterListener.php line 144 {"exception":"[object] (Symfony\\Component\\HttpKernel\\Exception\\NotFoundHttpException: No route found for \"GET /js/bootstrap.js\" (from \"http://boilerplate.loangarage.local:8080/\") at /Users/hengkiardo/Sites/loangarage/boilerplate/vendor/symfony/http-kernel/Symfony/Component/HttpKernel/EventListener/RouterListener.php:144, Symfony\\Component\\Routing\\Exception\\ResourceNotFoundException:  at /Users/hengkiardo/Sites/loangarage/boilerplate/vendor/symfony/routing/Symfony/Component/Routing/Matcher/UrlMatcher.php:96)"} []
[2014-02-20 11:16:12] myapp.ERROR: Symfony\Component\HttpKernel\Exception\NotFoundHttpException: No route found for "GET /css/bootstrap.css" (from "http://boilerplate.loangarage.local:8080/") (uncaught exception) at /Users/hengkiardo/Sites/loangarage/boilerplate/vendor/symfony/http-kernel/Symfony/Component/HttpKernel/EventListener/RouterListener.php line 144 {"exception":"[object] (Symfony\\Component\\HttpKernel\\Exception\\NotFoundHttpException: No route found for \"GET /css/bootstrap.css\" (from \"http://boilerplate.loangarage.local:8080/\") at /Users/hengkiardo/Sites/loangarage/boilerplate/vendor/symfony/http-kernel/Symfony/Component/HttpKernel/EventListener/RouterListener.php:144, Symfony\\Component\\Routing\\Exception\\ResourceNotFoundException:  at /Users/hengkiardo/Sites/loangarage/boilerplate/vendor/symfony/routing/Symfony/Component/Routing/Matcher/UrlMatcher.php:96)"} []
[2014-02-20 11:16:12] myapp.INFO: < 404 [] []
[2014-02-20 11:16:12] myapp.INFO: < 404 [] []
[2014-02-20 11:17:17] myapp.INFO: Matched route "GET_" (parameters: "_controller": "{}", "_route": "GET_") [] []
[2014-02-20 11:17:17] myapp.INFO: > GET / [] []
[2014-02-20 11:17:17] myapp.INFO: < 200 [] []
[2014-02-20 11:17:35] myapp.INFO: Matched route "GET_" (parameters: "_controller": "{}", "_route": "GET_") [] []
[2014-02-20 11:17:35] myapp.INFO: > GET / [] []
[2014-02-20 11:17:35] myapp.INFO: < 200 [] []
[2014-02-20 11:17:40] myapp.ERROR: Symfony\Component\HttpKernel\Exception\NotFoundHttpException: No route found for "GET /about" (from "http://boilerplate.loangarage.local:8080/") (uncaught exception) at /Users/hengkiardo/Sites/loangarage/boilerplate/vendor/symfony/http-kernel/Symfony/Component/HttpKernel/EventListener/RouterListener.php line 144 {"exception":"[object] (Symfony\\Component\\HttpKernel\\Exception\\NotFoundHttpException: No route found for \"GET /about\" (from \"http://boilerplate.loangarage.local:8080/\") at /Users/hengkiardo/Sites/loangarage/boilerplate/vendor/symfony/http-kernel/Symfony/Component/HttpKernel/EventListener/RouterListener.php:144, Symfony\\Component\\Routing\\Exception\\ResourceNotFoundException:  at /Users/hengkiardo/Sites/loangarage/boilerplate/vendor/symfony/routing/Symfony/Component/Routing/Matcher/UrlMatcher.php:96)"} []
[2014-02-20 11:17:40] myapp.INFO: < 404 [] []
[2014-02-20 11:18:08] myapp.INFO: Matched route "GET_" (parameters: "_controller": "{}", "_route": "GET_") [] []
[2014-02-20 11:18:08] myapp.INFO: > GET / [] []
[2014-02-20 11:18:08] myapp.CRITICAL: InvalidArgumentException: Identifier "twig" is not defined. (uncaught exception) at /Users/hengkiardo/Sites/loangarage/boilerplate/vendor/pimple/pimple/lib/Pimple.php line 78 {"exception":"[object] (InvalidArgumentException: Identifier \"twig\" is not defined. at /Users/hengkiardo/Sites/loangarage/boilerplate/vendor/pimple/pimple/lib/Pimple.php:78)"} []
[2014-02-20 11:18:08] myapp.INFO: < 500 [] []
[2014-02-20 11:18:12] myapp.INFO: Matched route "GET_" (parameters: "_controller": "{}", "_route": "GET_") [] []
[2014-02-20 11:18:12] myapp.INFO: > GET / [] []
[2014-02-20 11:18:12] myapp.INFO: < 200 [] []
[2014-02-20 11:18:14] myapp.INFO: Matched route "GET_" (parameters: "_controller": "{}", "_route": "GET_") [] []
[2014-02-20 11:18:14] myapp.INFO: > GET / [] []
[2014-02-20 11:18:14] myapp.INFO: < 200 [] []
[2014-02-20 11:18:42] myapp.INFO: Matched route "GET_" (parameters: "_controller": "{}", "_route": "GET_") [] []
[2014-02-20 11:18:42] myapp.INFO: > GET / [] []
[2014-02-20 11:18:42] myapp.INFO: < 200 [] []
[2014-02-20 11:36:38] myapp.INFO: Matched route "GET_" (parameters: "_controller": "{}", "_route": "GET_") [] []
[2014-02-20 11:36:38] myapp.INFO: > GET / [] []
[2014-02-20 11:36:38] myapp.INFO: < 200 [] []
[2014-02-20 11:37:07] myapp.INFO: Matched route "GET_" (parameters: "_controller": "{}", "_route": "GET_") [] []
[2014-02-20 11:37:07] myapp.INFO: > GET / [] []
[2014-02-20 11:37:07] myapp.INFO: < 200 [] []
[2014-02-20 12:19:54] myapp.INFO: Matched route "GET_" (parameters: "_controller": "{}", "_route": "GET_") [] []
[2014-02-20 12:19:54] myapp.INFO: > GET / [] []
[2014-02-20 12:19:55] myapp.INFO: < 200 [] []
[2014-02-20 12:19:55] myapp.ERROR: Symfony\Component\HttpKernel\Exception\NotFoundHttpException: No route found for "GET /public/css/bootstrap-themes.css" (from "http://boilerplate.loangarage.local:8080/") (uncaught exception) at /Users/hengkiardo/Sites/loangarage/boilerplate/vendor/symfony/http-kernel/Symfony/Component/HttpKernel/EventListener/RouterListener.php line 144 {"exception":"[object] (Symfony\\Component\\HttpKernel\\Exception\\NotFoundHttpException: No route found for \"GET /public/css/bootstrap-themes.css\" (from \"http://boilerplate.loangarage.local:8080/\") at /Users/hengkiardo/Sites/loangarage/boilerplate/vendor/symfony/http-kernel/Symfony/Component/HttpKernel/EventListener/RouterListener.php:144, Symfony\\Component\\Routing\\Exception\\ResourceNotFoundException:  at /Users/hengkiardo/Sites/loangarage/boilerplate/vendor/symfony/routing/Symfony/Component/Routing/Matcher/UrlMatcher.php:96)"} []
[2014-02-20 12:19:55] myapp.INFO: < 404 [] []
[2014-02-20 12:20:15] myapp.INFO: Matched route "GET_" (parameters: "_controller": "{}", "_route": "GET_") [] []
[2014-02-20 12:20:15] myapp.INFO: > GET / [] []
[2014-02-20 12:20:15] myapp.INFO: < 200 [] []
[2014-02-20 12:21:56] myapp.INFO: Matched route "GET_" (parameters: "_controller": "{}", "_route": "GET_") [] []
[2014-02-20 12:21:56] myapp.INFO: > GET / [] []
[2014-02-20 12:21:56] myapp.INFO: < 200 [] []
[2014-02-20 12:24:18] myapp.INFO: Matched route "GET_" (parameters: "_controller": "{}", "_route": "GET_") [] []
[2014-02-20 12:24:18] myapp.INFO: > GET / [] []
[2014-02-20 12:24:18] myapp.INFO: < 200 [] []
[2014-02-20 12:25:00] myapp.INFO: Matched route "GET_" (parameters: "_controller": "{}", "_route": "GET_") [] []
[2014-02-20 12:25:00] myapp.INFO: > GET / [] []
[2014-02-20 12:25:00] myapp.INFO: < 200 [] []
[2014-02-20 12:25:02] myapp.INFO: Matched route "GET_" (parameters: "_controller": "{}", "_route": "GET_") [] []
[2014-02-20 12:25:02] myapp.INFO: > GET / [] []
[2014-02-20 12:25:02] myapp.INFO: < 200 [] []
[2014-02-20 12:26:17] myapp.INFO: Matched route "GET_" (parameters: "_controller": "{}", "_route": "GET_") [] []
[2014-02-20 12:26:17] myapp.INFO: > GET / [] []
[2014-02-20 12:26:17] myapp.INFO: < 200 [] []
[2014-02-20 12:26:18] myapp.INFO: Matched route "GET_" (parameters: "_controller": "{}", "_route": "GET_") [] []
[2014-02-20 12:26:18] myapp.INFO: > GET / [] []
[2014-02-20 12:26:18] myapp.INFO: < 200 [] []
[2014-02-20 12:29:13] myapp.INFO: Matched route "GET_" (parameters: "_controller": "{}", "_route": "GET_") [] []
[2014-02-20 12:29:13] myapp.INFO: > GET / [] []
[2014-02-20 12:29:13] myapp.INFO: < 200 [] []
[2014-02-20 12:30:00] myapp.INFO: Matched route "GET_" (parameters: "_controller": "{}", "_route": "GET_") [] []
[2014-02-20 12:30:00] myapp.INFO: > GET / [] []
[2014-02-20 12:30:00] myapp.INFO: < 200 [] []
[2014-02-20 12:30:02] myapp.INFO: Matched route "GET_" (parameters: "_controller": "{}", "_route": "GET_") [] []
[2014-02-20 12:30:02] myapp.INFO: > GET / [] []
[2014-02-20 12:30:02] myapp.INFO: < 200 [] []
[2014-02-20 12:30:09] myapp.INFO: Matched route "GET_" (parameters: "_controller": "{}", "_route": "GET_") [] []
[2014-02-20 12:30:09] myapp.INFO: > GET / [] []
[2014-02-20 12:30:09] myapp.INFO: < 200 [] []
[2014-02-20 12:30:11] myapp.INFO: Matched route "GET_" (parameters: "_controller": "{}", "_route": "GET_") [] []
[2014-02-20 12:30:11] myapp.INFO: > GET / [] []
[2014-02-20 12:30:11] myapp.INFO: < 200 [] []
[2014-02-20 12:30:33] myapp.INFO: Matched route "GET_" (parameters: "_controller": "{}", "_route": "GET_") [] []
[2014-02-20 12:30:33] myapp.INFO: > GET / [] []
[2014-02-20 12:30:33] myapp.INFO: < 200 [] []
[2014-02-20 12:30:33] myapp.ERROR: Symfony\Component\HttpKernel\Exception\NotFoundHttpException: No route found for "GET /public/css/bootstrap.css" (from "http://boilerplate.loangarage.local:8080/") (uncaught exception) at /Users/hengkiardo/Sites/loangarage/boilerplate/vendor/symfony/http-kernel/Symfony/Component/HttpKernel/EventListener/RouterListener.php line 144 {"exception":"[object] (Symfony\\Component\\HttpKernel\\Exception\\NotFoundHttpException: No route found for \"GET /public/css/bootstrap.css\" (from \"http://boilerplate.loangarage.local:8080/\") at /Users/hengkiardo/Sites/loangarage/boilerplate/vendor/symfony/http-kernel/Symfony/Component/HttpKernel/EventListener/RouterListener.php:144, Symfony\\Component\\Routing\\Exception\\ResourceNotFoundException:  at /Users/hengkiardo/Sites/loangarage/boilerplate/vendor/symfony/routing/Symfony/Component/Routing/Matcher/UrlMatcher.php:96)"} []
[2014-02-20 12:30:33] myapp.ERROR: Symfony\Component\HttpKernel\Exception\NotFoundHttpException: No route found for "GET /public/css/creditcard.css" (from "http://boilerplate.loangarage.local:8080/") (uncaught exception) at /Users/hengkiardo/Sites/loangarage/boilerplate/vendor/symfony/http-kernel/Symfony/Component/HttpKernel/EventListener/RouterListener.php line 144 {"exception":"[object] (Symfony\\Component\\HttpKernel\\Exception\\NotFoundHttpException: No route found for \"GET /public/css/creditcard.css\" (from \"http://boilerplate.loangarage.local:8080/\") at /Users/hengkiardo/Sites/loangarage/boilerplate/vendor/symfony/http-kernel/Symfony/Component/HttpKernel/EventListener/RouterListener.php:144, Symfony\\Component\\Routing\\Exception\\ResourceNotFoundException:  at /Users/hengkiardo/Sites/loangarage/boilerplate/vendor/symfony/routing/Symfony/Component/Routing/Matcher/UrlMatcher.php:96)"} []
[2014-02-20 12:30:33] myapp.ERROR: Symfony\Component\HttpKernel\Exception\NotFoundHttpException: No route found for "GET /public/js/bootstrap.js" (from "http://boilerplate.loangarage.local:8080/") (uncaught exception) at /Users/hengkiardo/Sites/loangarage/boilerplate/vendor/symfony/http-kernel/Symfony/Component/HttpKernel/EventListener/RouterListener.php line 144 {"exception":"[object] (Symfony\\Component\\HttpKernel\\Exception\\NotFoundHttpException: No route found for \"GET /public/js/bootstrap.js\" (from \"http://boilerplate.loangarage.local:8080/\") at /Users/hengkiardo/Sites/loangarage/boilerplate/vendor/symfony/http-kernel/Symfony/Component/HttpKernel/EventListener/RouterListener.php:144, Symfony\\Component\\Routing\\Exception\\ResourceNotFoundException:  at /Users/hengkiardo/Sites/loangarage/boilerplate/vendor/symfony/routing/Symfony/Component/Routing/Matcher/UrlMatcher.php:96)"} []
[2014-02-20 12:30:33] myapp.INFO: < 404 [] []
[2014-02-20 12:30:33] myapp.INFO: < 404 [] []
[2014-02-20 12:30:33] myapp.INFO: < 404 [] []
[2014-02-20 12:30:34] myapp.ERROR: Symfony\Component\HttpKernel\Exception\NotFoundHttpException: No route found for "GET /public/js/apps.js" (from "http://boilerplate.loangarage.local:8080/") (uncaught exception) at /Users/hengkiardo/Sites/loangarage/boilerplate/vendor/symfony/http-kernel/Symfony/Component/HttpKernel/EventListener/RouterListener.php line 144 {"exception":"[object] (Symfony\\Component\\HttpKernel\\Exception\\NotFoundHttpException: No route found for \"GET /public/js/apps.js\" (from \"http://boilerplate.loangarage.local:8080/\") at /Users/hengkiardo/Sites/loangarage/boilerplate/vendor/symfony/http-kernel/Symfony/Component/HttpKernel/EventListener/RouterListener.php:144, Symfony\\Component\\Routing\\Exception\\ResourceNotFoundException:  at /Users/hengkiardo/Sites/loangarage/boilerplate/vendor/symfony/routing/Symfony/Component/Routing/Matcher/UrlMatcher.php:96)"} []
[2014-02-20 12:30:34] myapp.INFO: < 404 [] []
[2014-02-20 12:30:34] myapp.INFO: Matched route "GET_" (parameters: "_controller": "{}", "_route": "GET_") [] []
[2014-02-20 12:30:34] myapp.INFO: > GET / [] []
[2014-02-20 12:30:34] myapp.INFO: < 200 [] []
[2014-02-20 12:30:35] myapp.ERROR: Symfony\Component\HttpKernel\Exception\NotFoundHttpException: No route found for "GET /public/js/apps.js" (from "http://boilerplate.loangarage.local:8080/") (uncaught exception) at /Users/hengkiardo/Sites/loangarage/boilerplate/vendor/symfony/http-kernel/Symfony/Component/HttpKernel/EventListener/RouterListener.php line 144 {"exception":"[object] (Symfony\\Component\\HttpKernel\\Exception\\NotFoundHttpException: No route found for \"GET /public/js/apps.js\" (from \"http://boilerplate.loangarage.local:8080/\") at /Users/hengkiardo/Sites/loangarage/boilerplate/vendor/symfony/http-kernel/Symfony/Component/HttpKernel/EventListener/RouterListener.php:144, Symfony\\Component\\Routing\\Exception\\ResourceNotFoundException:  at /Users/hengkiardo/Sites/loangarage/boilerplate/vendor/symfony/routing/Symfony/Component/Routing/Matcher/UrlMatcher.php:96)"} []
[2014-02-20 12:30:35] myapp.INFO: < 404 [] []
[2014-02-20 12:30:35] myapp.ERROR: Symfony\Component\HttpKernel\Exception\NotFoundHttpException: No route found for "GET /public/css/creditcard.css" (from "http://boilerplate.loangarage.local:8080/") (uncaught exception) at /Users/hengkiardo/Sites/loangarage/boilerplate/vendor/symfony/http-kernel/Symfony/Component/HttpKernel/EventListener/RouterListener.php line 144 {"exception":"[object] (Symfony\\Component\\HttpKernel\\Exception\\NotFoundHttpException: No route found for \"GET /public/css/creditcard.css\" (from \"http://boilerplate.loangarage.local:8080/\") at /Users/hengkiardo/Sites/loangarage/boilerplate/vendor/symfony/http-kernel/Symfony/Component/HttpKernel/EventListener/RouterListener.php:144, Symfony\\Component\\Routing\\Exception\\ResourceNotFoundException:  at /Users/hengkiardo/Sites/loangarage/boilerplate/vendor/symfony/routing/Symfony/Component/Routing/Matcher/UrlMatcher.php:96)"} []
[2014-02-20 12:30:35] myapp.INFO: < 404 [] []
[2014-02-20 12:30:35] myapp.ERROR: Symfony\Component\HttpKernel\Exception\NotFoundHttpException: No route found for "GET /public/css/bootstrap.css" (from "http://boilerplate.loangarage.local:8080/") (uncaught exception) at /Users/hengkiardo/Sites/loangarage/boilerplate/vendor/symfony/http-kernel/Symfony/Component/HttpKernel/EventListener/RouterListener.php line 144 {"exception":"[object] (Symfony\\Component\\HttpKernel\\Exception\\NotFoundHttpException: No route found for \"GET /public/css/bootstrap.css\" (from \"http://boilerplate.loangarage.local:8080/\") at /Users/hengkiardo/Sites/loangarage/boilerplate/vendor/symfony/http-kernel/Symfony/Component/HttpKernel/EventListener/RouterListener.php:144, Symfony\\Component\\Routing\\Exception\\ResourceNotFoundException:  at /Users/hengkiardo/Sites/loangarage/boilerplate/vendor/symfony/routing/Symfony/Component/Routing/Matcher/UrlMatcher.php:96)"} []
[2014-02-20 12:30:35] myapp.INFO: < 404 [] []
[2014-02-20 12:30:35] myapp.ERROR: Symfony\Component\HttpKernel\Exception\NotFoundHttpException: No route found for "GET /public/js/bootstrap.js" (from "http://boilerplate.loangarage.local:8080/") (uncaught exception) at /Users/hengkiardo/Sites/loangarage/boilerplate/vendor/symfony/http-kernel/Symfony/Component/HttpKernel/EventListener/RouterListener.php line 144 {"exception":"[object] (Symfony\\Component\\HttpKernel\\Exception\\NotFoundHttpException: No route found for \"GET /public/js/bootstrap.js\" (from \"http://boilerplate.loangarage.local:8080/\") at /Users/hengkiardo/Sites/loangarage/boilerplate/vendor/symfony/http-kernel/Symfony/Component/HttpKernel/EventListener/RouterListener.php:144, Symfony\\Component\\Routing\\Exception\\ResourceNotFoundException:  at /Users/hengkiardo/Sites/loangarage/boilerplate/vendor/symfony/routing/Symfony/Component/Routing/Matcher/UrlMatcher.php:96)"} []
[2014-02-20 12:30:35] myapp.INFO: < 404 [] []
[2014-02-20 12:30:43] myapp.INFO: Matched route "GET_" (parameters: "_controller": "{}", "_route": "GET_") [] []
[2014-02-20 12:30:43] myapp.INFO: > GET / [] []
[2014-02-20 12:30:43] myapp.INFO: < 200 [] []
[2014-02-20 12:31:30] myapp.INFO: Matched route "GET_" (parameters: "_controller": "{}", "_route": "GET_") [] []
[2014-02-20 12:31:30] myapp.INFO: > GET / [] []
[2014-02-20 12:31:30] myapp.INFO: < 200 [] []
[2014-02-20 12:32:03] myapp.INFO: Matched route "GET_" (parameters: "_controller": "{}", "_route": "GET_") [] []
[2014-02-20 12:32:03] myapp.INFO: > GET / [] []
[2014-02-20 12:32:03] myapp.INFO: < 200 [] []
[2014-02-20 12:32:45] myapp.INFO: Matched route "GET_" (parameters: "_controller": "{}", "_route": "GET_") [] []
[2014-02-20 12:32:45] myapp.INFO: > GET / [] []
[2014-02-20 12:32:45] myapp.INFO: < 200 [] []
[2014-02-20 14:32:17] myapp.INFO: Matched route "GET_" (parameters: "_controller": "{}", "_route": "GET_") [] []
[2014-02-20 14:32:17] myapp.INFO: > GET / [] []
[2014-02-20 14:32:17] myapp.INFO: < 200 [] []
[2014-02-20 14:32:24] myapp.INFO: Matched route "GET_" (parameters: "_controller": "{}", "_route": "GET_") [] []
[2014-02-20 14:32:24] myapp.INFO: > GET / [] []
[2014-02-20 14:32:24] myapp.INFO: < 200 [] []
[2014-02-20 14:33:50] myapp.INFO: Matched route "GET_" (parameters: "_controller": "{}", "_route": "GET_") [] []
[2014-02-20 14:33:50] myapp.INFO: > GET / [] []
[2014-02-20 14:33:50] myapp.INFO: < 200 [] []
[2014-02-20 14:34:04] myapp.INFO: Matched route "GET_" (parameters: "_controller": "{}", "_route": "GET_") [] []
[2014-02-20 14:34:04] myapp.INFO: > GET / [] []
[2014-02-20 14:34:04] myapp.INFO: < 200 [] []
[2014-02-20 14:35:11] myapp.INFO: Matched route "GET_" (parameters: "_controller": "{}", "_route": "GET_") [] []
[2014-02-20 14:35:11] myapp.INFO: > GET / [] []
[2014-02-20 14:35:11] myapp.INFO: < 200 [] []
[2014-02-20 14:38:28] myapp.INFO: Matched route "GET_" (parameters: "_controller": "{}", "_route": "GET_") [] []
[2014-02-20 14:38:28] myapp.INFO: > GET / [] []
[2014-02-20 14:38:28] myapp.INFO: < 200 [] []
